1649309783175	geckodriver	INFO	Listening on 127.0.0.1:53928
1649309786260	mozrunner::runner	INFO	Running command: "C:\\Program Files\\Mozilla Firefox\\firefox.exe" "--marionette" "--remote-debugging-port" "53929" "-no-remote" "-profile" "C:\\Users\\ALFRED~1\\AppData\\Local\\Temp\\rust_mozprofileVSw0zL"
1649309786769	Marionette	INFO	Marionette enabled
console.warn: SearchSettings: "get: No settings file exists, new profile?" (new NotFoundError("Could not open the file at C:\\Users\\Alfredo Salazar\\AppData\\Local\\Temp\\rust_mozprofileVSw0zL\\search.json.mozlz4", (void 0)))
DevTools listening on ws://localhost:53929/devtools/browser/0193d6b6-3751-461b-9b83-0b914f96baf6
1649309788494	Marionette	INFO	Listening on port 53935
1649309788932	RemoteAgent	WARN	TLS certificate errors will be ignored for this session
JavaScript warning: https://pagead2.googlesyndication.com/bg/yPRSpnmC7kCVHbP5HJYGhFaCAnVrOjYDhSjhq7GpE_U.js line 1 > eval line 6611 > eval line 1 > eval line 1 > eval, line 1: WEBGL_debug_renderer_info is deprecated in Firefox and will be removed. Please use RENDERER.
JavaScript warning: https://pagead2.googlesyndication.com/bg/VZx5lKL-R1DYt4uczQuO7ewneocOxZLDwOE_DB7Gp_E.js line 1 > eval line 4041 > eval line 1 > eval line 1 > eval, line 1: WEBGL_debug_renderer_info is deprecated in Firefox and will be removed. Please use RENDERER.
JavaScript warning: https://pagead2.googlesyndication.com/bg/VZx5lKL-R1DYt4uczQuO7ewneocOxZLDwOE_DB7Gp_E.js line 1 > eval line 6917 > eval line 1 > eval line 1 > eval, line 1: WEBGL_debug_renderer_info is deprecated in Firefox and will be removed. Please use RENDERER.
JavaScript error: , line 0: TypeError: NetworkError when attempting to fetch resource.
JavaScript warning: https://pagead2.googlesyndication.com/bg/yPRSpnmC7kCVHbP5HJYGhFaCAnVrOjYDhSjhq7GpE_U.js line 1 > eval line 3388 > eval line 1 > eval line 1 > eval, line 1: WEBGL_debug_renderer_info is deprecated in Firefox and will be removed. Please use RENDERER.
JavaScript warning: https://pagead2.googlesyndication.com/bg/VZx5lKL-R1DYt4uczQuO7ewneocOxZLDwOE_DB7Gp_E.js line 1 > eval line 5401 > eval line 1 > eval line 1 > eval, line 1: WEBGL_debug_renderer_info is deprecated in Firefox and will be removed. Please use RENDERER.
JavaScript warning: https://cdn.insurads.com/bootstrap/EGTDBAIO.js, line 1: WEBGL_debug_renderer_info is deprecated in Firefox and will be removed. Please use RENDERER.
1649309824103	Marionette	WARN	Ignoring event 'pageshow' because document has an invalid readyState of 'uninitialized'.
JavaScript error: https://tpc.googlesyndication.com/sadbundle/$csp%3Der3$/2334747922372867130/index.html#t=3706923319547646040&p=https%3A%2F%2Fc17d782ad75985318b7fa5fb72b44838.safeframe.googlesyndication.com, line 122: TypeError: a.g is null
JavaScript warning: https://pagead2.googlesyndication.com/bg/VZx5lKL-R1DYt4uczQuO7ewneocOxZLDwOE_DB7Gp_E.js line 1 > eval line 4520 > eval line 1 > eval line 1 > eval, line 1: WEBGL_debug_renderer_info is deprecated in Firefox and will be removed. Please use RENDERER.
JavaScript error: https://tpc.googlesyndication.com/sadbundle/$csp%3Der3$/2334747922372867130/index.html#t=3706923319547646040&p=https%3A%2F%2Fc17d782ad75985318b7fa5fb72b44838.safeframe.googlesyndication.com, line 137: TypeError: this.g is null
JavaScript warning: https://pagead2.googlesyndication.com/bg/yPRSpnmC7kCVHbP5HJYGhFaCAnVrOjYDhSjhq7GpE_U.js line 1 > eval line 724 > eval line 1 > eval line 1 > eval, line 1: WEBGL_debug_renderer_info is deprecated in Firefox and will be removed. Please use RENDERER.
JavaScript warning: https://pagead2.googlesyndication.com/bg/VZx5lKL-R1DYt4uczQuO7ewneocOxZLDwOE_DB7Gp_E.js line 1 > eval line 6849 > eval line 1 > eval line 1 > eval, line 1: WEBGL_debug_renderer_info is deprecated in Firefox and will be removed. Please use RENDERER.
JavaScript warning: https://pagead2.googlesyndication.com/bg/VZx5lKL-R1DYt4uczQuO7ewneocOxZLDwOE_DB7Gp_E.js line 1 > eval line 413 > eval line 1 > eval line 1 > eval, line 1: WEBGL_debug_renderer_info is deprecated in Firefox and will be removed. Please use RENDERER.
1649309853999	Marionette	WARN	Ignoring event 'pageshow' because document has an invalid readyState of 'uninitialized'.
JavaScript error: https://tpc.googlesyndication.com/sadbundle/$csp%3Der3$/2334747922372867130/index.html#t=7553481979772915077&p=https%3A%2F%2F4be737b14c0286ad8fddb29790e59c8d.safeframe.googlesyndication.com, line 122: TypeError: a.g is null
1649309854117	Marionette	WARN	Ignoring event 'pageshow' because document has an invalid readyState of 'uninitialized'.
JavaScript error: , line 0: uncaught exception: Error: Received error when requesting API response from URL: https://buy.tinypass.com/api/v3/anon/template/loadTemplateContext?aid=ZUhps7eupu
JavaScript error: , line 0: uncaught exception: Error: Received error when requesting API response from URL: https://buy.tinypass.com/api/v3/anon/template/loadTemplateContext?aid=ZUhps7eupu
JavaScript error: https://tpc.googlesyndication.com/sadbundle/$csp%3Der3$/2334747922372867130/index.html#t=7553481979772915077&p=https%3A%2F%2F4be737b14c0286ad8fddb29790e59c8d.safeframe.googlesyndication.com, line 137: TypeError: this.g is null
JavaScript warning: https://pagead2.googlesyndication.com/bg/VZx5lKL-R1DYt4uczQuO7ewneocOxZLDwOE_DB7Gp_E.js line 1 > eval line 4890 > eval line 1 > eval line 1 > eval, line 1: WEBGL_debug_renderer_info is deprecated in Firefox and will be removed. Please use RENDERER.
JavaScript warning: https://pagead2.googlesyndication.com/bg/VZx5lKL-R1DYt4uczQuO7ewneocOxZLDwOE_DB7Gp_E.js line 1 > eval line 563 > eval line 1 > eval line 1 > eval, line 1: WEBGL_debug_renderer_info is deprecated in Firefox and will be removed. Please use RENDERER.
JavaScript warning: https://pagead2.googlesyndication.com/bg/VZx5lKL-R1DYt4uczQuO7ewneocOxZLDwOE_DB7Gp_E.js line 1 > eval line 5878 > eval line 1 > eval line 1 > eval, line 1: WEBGL_debug_renderer_info is deprecated in Firefox and will be removed. Please use RENDERER.
JavaScript error: https://s0.2mdn.net/sadbundle/5043788693636955808/index.html, line 142: TypeError: a.g is null
JavaScript error: https://s0.2mdn.net/sadbundle/5043788693636955808/index.html, line 157: TypeError: this.g is null
JavaScript warning: https://pagead2.googlesyndication.com/bg/VZx5lKL-R1DYt4uczQuO7ewneocOxZLDwOE_DB7Gp_E.js line 1 > eval line 2414 > eval line 1 > eval line 1 > eval, line 1: WEBGL_debug_renderer_info is deprecated in Firefox and will be removed. Please use RENDERER.
JavaScript warning: https://pagead2.googlesyndication.com/bg/VZx5lKL-R1DYt4uczQuO7ewneocOxZLDwOE_DB7Gp_E.js line 1 > eval line 4099 > eval line 1 > eval line 1 > eval, line 1: WEBGL_debug_renderer_info is deprecated in Firefox and will be removed. Please use RENDERER.
JavaScript warning: https://pagead2.googlesyndication.com/bg/VZx5lKL-R1DYt4uczQuO7ewneocOxZLDwOE_DB7Gp_E.js line 1 > eval line 3990 > eval line 1 > eval line 1 > eval, line 1: WEBGL_debug_renderer_info is deprecated in Firefox and will be removed. Please use RENDERER.
JavaScript warning: https://pagead2.googlesyndication.com/bg/VZx5lKL-R1DYt4uczQuO7ewneocOxZLDwOE_DB7Gp_E.js line 1 > eval line 3883 > eval line 1 > eval line 1 > eval, line 1: WEBGL_debug_renderer_info is deprecated in Firefox and will be removed. Please use RENDERER.
JavaScript warning: https://cdn.insurads.com/bootstrap/EGTDBAIO.js, line 1: WEBGL_debug_renderer_info is deprecated in Firefox and will be removed. Please use RENDERER.
JavaScript error: https://ads.pubmatic.com/AdServer/js/showad.js?, line 2: NS_ERROR_FAILURE: 
JavaScript warning: https://pagead2.googlesyndication.com/bg/VZx5lKL-R1DYt4uczQuO7ewneocOxZLDwOE_DB7Gp_E.js line 1 > eval line 847 > eval line 1 > eval line 1 > eval, line 1: WEBGL_debug_renderer_info is deprecated in Firefox and will be removed. Please use RENDERER.
JavaScript warning: https://pagead2.googlesyndication.com/bg/yPRSpnmC7kCVHbP5HJYGhFaCAnVrOjYDhSjhq7GpE_U.js line 1 > eval line 6587 > eval line 1 > eval line 1 > eval, line 1: WEBGL_debug_renderer_info is deprecated in Firefox and will be removed. Please use RENDERER.
JavaScript warning: https://pagead2.googlesyndication.com/bg/VZx5lKL-R1DYt4uczQuO7ewneocOxZLDwOE_DB7Gp_E.js line 1 > eval line 4414 > eval line 1 > eval line 1 > eval, line 1: WEBGL_debug_renderer_info is deprecated in Firefox and will be removed. Please use RENDERER.
JavaScript warning: https://pagead2.googlesyndication.com/bg/VZx5lKL-R1DYt4uczQuO7ewneocOxZLDwOE_DB7Gp_E.js line 1 > eval line 5507 > eval line 1 > eval line 1 > eval, line 1: WEBGL_debug_renderer_info is deprecated in Firefox and will be removed. Please use RENDERER.
JavaScript warning: https://pagead2.googlesyndication.com/bg/VZx5lKL-R1DYt4uczQuO7ewneocOxZLDwOE_DB7Gp_E.js line 1 > eval line 2780 > eval line 1 > eval line 1 > eval, line 1: WEBGL_debug_renderer_info is deprecated in Firefox and will be removed. Please use RENDERER.
JavaScript warning: https://pagead2.googlesyndication.com/bg/VZx5lKL-R1DYt4uczQuO7ewneocOxZLDwOE_DB7Gp_E.js line 1 > eval line 2973 > eval line 1 > eval line 1 > eval, line 1: WEBGL_debug_renderer_info is deprecated in Firefox and will be removed. Please use RENDERER.
1649309924950	Marionette	WARN	Ignoring event 'pageshow' because document has an invalid readyState of 'uninitialized'.
JavaScript warning: https://pagead2.googlesyndication.com/bg/VZx5lKL-R1DYt4uczQuO7ewneocOxZLDwOE_DB7Gp_E.js line 1 > eval line 4693 > eval line 1 > eval line 1 > eval, line 1: WEBGL_debug_renderer_info is deprecated in Firefox and will be removed. Please use RENDERER.
1649309931800	Marionette	WARN	Ignoring event 'pageshow' because document has an invalid readyState of 'uninitialized'.
JavaScript error: https://tpc.googlesyndication.com/sadbundle/$csp%3Der3$/14540863461585813586/index.html#t=17420596248262708100&p=https%3A%2F%2F751b315eb01cf6c03fe7104d5fa46436.safeframe.googlesyndication.com, line 122: TypeError: a.g is null
JavaScript warning: https://pagead2.googlesyndication.com/bg/yPRSpnmC7kCVHbP5HJYGhFaCAnVrOjYDhSjhq7GpE_U.js line 1 > eval line 4659 > eval line 1 > eval line 1 > eval, line 1: WEBGL_debug_renderer_info is deprecated in Firefox and will be removed. Please use RENDERER.
JavaScript warning: https://pagead2.googlesyndication.com/bg/VZx5lKL-R1DYt4uczQuO7ewneocOxZLDwOE_DB7Gp_E.js line 1 > eval line 2892 > eval line 1 > eval line 1 > eval, line 1: WEBGL_debug_renderer_info is deprecated in Firefox and will be removed. Please use RENDERER.
JavaScript error: https://tpc.googlesyndication.com/sadbundle/$csp%3Der3$/14540863461585813586/index.html#t=17420596248262708100&p=https%3A%2F%2F751b315eb01cf6c03fe7104d5fa46436.safeframe.googlesyndication.com, line 137: TypeError: this.g is null
JavaScript warning: https://pagead2.googlesyndication.com/bg/VZx5lKL-R1DYt4uczQuO7ewneocOxZLDwOE_DB7Gp_E.js line 1 > eval line 4215 > eval line 1 > eval line 1 > eval, line 1: WEBGL_debug_renderer_info is deprecated in Firefox and will be removed. Please use RENDERER.
JavaScript warning: https://pagead2.googlesyndication.com/bg/VZx5lKL-R1DYt4uczQuO7ewneocOxZLDwOE_DB7Gp_E.js line 1 > eval line 2432 > eval line 1 > eval line 1 > eval, line 1: WEBGL_debug_renderer_info is deprecated in Firefox and will be removed. Please use RENDERER.
JavaScript warning: https://pagead2.googlesyndication.com/bg/VZx5lKL-R1DYt4uczQuO7ewneocOxZLDwOE_DB7Gp_E.js line 1 > eval line 429 > eval line 1 > eval line 1 > eval, line 1: WEBGL_debug_renderer_info is deprecated in Firefox and will be removed. Please use RENDERER.
JavaScript error: , line 0: TypeError: NetworkError when attempting to fetch resource.
JavaScript warning: https://pagead2.googlesyndication.com/bg/VZx5lKL-R1DYt4uczQuO7ewneocOxZLDwOE_DB7Gp_E.js line 1 > eval line 2066 > eval line 1 > eval line 1 > eval, line 1: WEBGL_debug_renderer_info is deprecated in Firefox and will be removed. Please use RENDERER.
JavaScript warning: https://pagead2.googlesyndication.com/bg/VZx5lKL-R1DYt4uczQuO7ewneocOxZLDwOE_DB7Gp_E.js line 1 > eval line 1911 > eval line 1 > eval line 1 > eval, line 1: WEBGL_debug_renderer_info is deprecated in Firefox and will be removed. Please use RENDERER.
JavaScript error: , line 0: TypeError: NetworkError when attempting to fetch resource.
JavaScript error: , line 0: TypeError: NetworkError when attempting to fetch resource.
JavaScript error: , line 0: TypeError: NetworkError when attempting to fetch resource.
JavaScript warning: https://cdn.insurads.com/bootstrap/EGTDBAIO.js, line 1: WEBGL_debug_renderer_info is deprecated in Firefox and will be removed. Please use RENDERER.
JavaScript warning: https://pagead2.googlesyndication.com/bg/VZx5lKL-R1DYt4uczQuO7ewneocOxZLDwOE_DB7Gp_E.js line 1 > eval line 4568 > eval line 1 > eval line 1 > eval, line 1: WEBGL_debug_renderer_info is deprecated in Firefox and will be removed. Please use RENDERER.
JavaScript warning: https://pagead2.googlesyndication.com/bg/VZx5lKL-R1DYt4uczQuO7ewneocOxZLDwOE_DB7Gp_E.js line 1 > eval line 7443 > eval line 1 > eval line 1 > eval, line 1: WEBGL_debug_renderer_info is deprecated in Firefox and will be removed. Please use RENDERER.
JavaScript warning: https://pagead2.googlesyndication.com/bg/VZx5lKL-R1DYt4uczQuO7ewneocOxZLDwOE_DB7Gp_E.js line 1 > eval line 6165 > eval line 1 > eval line 1 > eval, line 1: WEBGL_debug_renderer_info is deprecated in Firefox and will be removed. Please use RENDERER.
JavaScript error: , line 0: TypeError: NetworkError when attempting to fetch resource.
JavaScript warning: https://pagead2.googlesyndication.com/bg/VZx5lKL-R1DYt4uczQuO7ewneocOxZLDwOE_DB7Gp_E.js line 1 > eval line 6600 > eval line 1 > eval line 1 > eval, line 1: WEBGL_debug_renderer_info is deprecated in Firefox and will be removed. Please use RENDERER.
JavaScript warning: https://pagead2.googlesyndication.com/bg/VZx5lKL-R1DYt4uczQuO7ewneocOxZLDwOE_DB7Gp_E.js line 1 > eval line 1542 > eval line 1 > eval line 1 > eval, line 1: WEBGL_debug_renderer_info is deprecated in Firefox and will be removed. Please use RENDERER.
JavaScript warning: https://pagead2.googlesyndication.com/bg/VZx5lKL-R1DYt4uczQuO7ewneocOxZLDwOE_DB7Gp_E.js line 1 > eval line 7408 > eval line 1 > eval line 1 > eval, line 1: WEBGL_debug_renderer_info is deprecated in Firefox and will be removed. Please use RENDERER.
JavaScript error: , line 0: TypeError: NetworkError when attempting to fetch resource.
JavaScript warning: https://pagead2.googlesyndication.com/bg/VZx5lKL-R1DYt4uczQuO7ewneocOxZLDwOE_DB7Gp_E.js line 1 > eval line 1556 > eval line 1 > eval line 1 > eval, line 1: WEBGL_debug_renderer_info is deprecated in Firefox and will be removed. Please use RENDERER.
JavaScript error: , line 0: TypeError: NetworkError when attempting to fetch resource.
JavaScript error: , line 0: TypeError: NetworkError when attempting to fetch resource.
JavaScript warning: https://pagead2.googlesyndication.com/bg/VZx5lKL-R1DYt4uczQuO7ewneocOxZLDwOE_DB7Gp_E.js line 1 > eval line 2747 > eval line 1 > eval line 1 > eval, line 1: WEBGL_debug_renderer_info is deprecated in Firefox and will be removed. Please use RENDERER.
JavaScript warning: https://pagead2.googlesyndication.com/bg/VZx5lKL-R1DYt4uczQuO7ewneocOxZLDwOE_DB7Gp_E.js line 1 > eval line 3055 > eval line 1 > eval line 1 > eval, line 1: WEBGL_debug_renderer_info is deprecated in Firefox and will be removed. Please use RENDERER.
JavaScript warning: https://pagead2.googlesyndication.com/bg/VZx5lKL-R1DYt4uczQuO7ewneocOxZLDwOE_DB7Gp_E.js line 1 > eval line 120 > eval line 1 > eval line 1 > eval, line 1: WEBGL_debug_renderer_info is deprecated in Firefox and will be removed. Please use RENDERER.
JavaScript error: , line 0: TypeError: NetworkError when attempting to fetch resource.
JavaScript error: , line 0: TypeError: NetworkError when attempting to fetch resource.
JavaScript warning: https://pagead2.googlesyndication.com/bg/VZx5lKL-R1DYt4uczQuO7ewneocOxZLDwOE_DB7Gp_E.js line 1 > eval line 5219 > eval line 1 > eval line 1 > eval, line 1: WEBGL_debug_renderer_info is deprecated in Firefox and will be removed. Please use RENDERER.
JavaScript warning: https://pagead2.googlesyndication.com/bg/VZx5lKL-R1DYt4uczQuO7ewneocOxZLDwOE_DB7Gp_E.js line 1 > eval line 827 > eval line 1 > eval line 1 > eval, line 1: WEBGL_debug_renderer_info is deprecated in Firefox and will be removed. Please use RENDERER.
JavaScript warning: https://pagead2.googlesyndication.com/bg/VZx5lKL-R1DYt4uczQuO7ewneocOxZLDwOE_DB7Gp_E.js line 1 > eval line 2522 > eval line 1 > eval line 1 > eval, line 1: WEBGL_debug_renderer_info is deprecated in Firefox and will be removed. Please use RENDERER.
JavaScript error: , line 0: TypeError: NetworkError when attempting to fetch resource.
JavaScript error: , line 0: TypeError: NetworkError when attempting to fetch resource.
JavaScript warning: https://pagead2.googlesyndication.com/bg/VZx5lKL-R1DYt4uczQuO7ewneocOxZLDwOE_DB7Gp_E.js line 1 > eval line 6353 > eval line 1 > eval line 1 > eval, line 1: WEBGL_debug_renderer_info is deprecated in Firefox and will be removed. Please use RENDERER.
JavaScript warning: https://pagead2.googlesyndication.com/bg/VZx5lKL-R1DYt4uczQuO7ewneocOxZLDwOE_DB7Gp_E.js line 1 > eval line 3555 > eval line 1 > eval line 1 > eval, line 1: WEBGL_debug_renderer_info is deprecated in Firefox and will be removed. Please use RENDERER.
JavaScript warning: https://pagead2.googlesyndication.com/bg/VZx5lKL-R1DYt4uczQuO7ewneocOxZLDwOE_DB7Gp_E.js line 1 > eval line 4317 > eval line 1 > eval line 1 > eval, line 1: WEBGL_debug_renderer_info is deprecated in Firefox and will be removed. Please use RENDERER.
JavaScript error: , line 0: TypeError: NetworkError when attempting to fetch resource.
JavaScript warning: https://pagead2.googlesyndication.com/bg/VZx5lKL-R1DYt4uczQuO7ewneocOxZLDwOE_DB7Gp_E.js line 1 > eval line 2212 > eval line 1 > eval line 1 > eval, line 1: WEBGL_debug_renderer_info is deprecated in Firefox and will be removed. Please use RENDERER.
JavaScript warning: https://pagead2.googlesyndication.com/bg/VZx5lKL-R1DYt4uczQuO7ewneocOxZLDwOE_DB7Gp_E.js line 1 > eval line 7359 > eval line 1 > eval line 1 > eval, line 1: WEBGL_debug_renderer_info is deprecated in Firefox and will be removed. Please use RENDERER.
JavaScript error: https://s0.2mdn.net/sadbundle/5043788693636955808/index.html, line 142: TypeError: a.g is null
JavaScript warning: https://pagead2.googlesyndication.com/bg/VZx5lKL-R1DYt4uczQuO7ewneocOxZLDwOE_DB7Gp_E.js line 1 > eval line 4806 > eval line 1 > eval line 1 > eval, line 1: WEBGL_debug_renderer_info is deprecated in Firefox and will be removed. Please use RENDERER.
JavaScript error: https://s0.2mdn.net/sadbundle/5043788693636955808/index.html, line 157: TypeError: this.g is null
JavaScript error: https://s0.2mdn.net/sadbundle/5043788693636955808/index.html, line 160: TypeError: this.g is null
JavaScript warning: https://pagead2.googlesyndication.com/bg/VZx5lKL-R1DYt4uczQuO7ewneocOxZLDwOE_DB7Gp_E.js line 1 > eval line 4384 > eval line 1 > eval line 1 > eval, line 1: WEBGL_debug_renderer_info is deprecated in Firefox and will be removed. Please use RENDERER.
JavaScript warning: https://pagead2.googlesyndication.com/bg/VZx5lKL-R1DYt4uczQuO7ewneocOxZLDwOE_DB7Gp_E.js line 1 > eval line 705 > eval line 1 > eval line 1 > eval, line 1: WEBGL_debug_renderer_info is deprecated in Firefox and will be removed. Please use RENDERER.
JavaScript warning: https://pagead2.googlesyndication.com/bg/yPRSpnmC7kCVHbP5HJYGhFaCAnVrOjYDhSjhq7GpE_U.js line 1 > eval line 140 > eval line 1 > eval line 1 > eval, line 1: WEBGL_debug_renderer_info is deprecated in Firefox and will be removed. Please use RENDERER.
JavaScript error: , line 0: TypeError: NetworkError when attempting to fetch resource.
JavaScript error: , line 0: TypeError: NetworkError when attempting to fetch resource.
JavaScript warning: https://pagead2.googlesyndication.com/bg/VZx5lKL-R1DYt4uczQuO7ewneocOxZLDwOE_DB7Gp_E.js line 1 > eval line 6402 > eval line 1 > eval line 1 > eval, line 1: WEBGL_debug_renderer_info is deprecated in Firefox and will be removed. Please use RENDERER.
JavaScript error: , line 0: TypeError: NetworkError when attempting to fetch resource.
JavaScript warning: https://pagead2.googlesyndication.com/bg/VZx5lKL-R1DYt4uczQuO7ewneocOxZLDwOE_DB7Gp_E.js line 1 > eval line 848 > eval line 1 > eval line 1 > eval, line 1: WEBGL_debug_renderer_info is deprecated in Firefox and will be removed. Please use RENDERER.
JavaScript error: , line 0: TypeError: NetworkError when attempting to fetch resource.
JavaScript error: , line 0: TypeError: NetworkError when attempting to fetch resource.
JavaScript warning: https://pagead2.googlesyndication.com/bg/VZx5lKL-R1DYt4uczQuO7ewneocOxZLDwOE_DB7Gp_E.js line 1 > eval line 4210 > eval line 1 > eval line 1 > eval, line 1: WEBGL_debug_renderer_info is deprecated in Firefox and will be removed. Please use RENDERER.
JavaScript warning: https://pagead2.googlesyndication.com/bg/VZx5lKL-R1DYt4uczQuO7ewneocOxZLDwOE_DB7Gp_E.js line 1 > eval line 6537 > eval line 1 > eval line 1 > eval, line 1: WEBGL_debug_renderer_info is deprecated in Firefox and will be removed. Please use RENDERER.
JavaScript warning: https://pagead2.googlesyndication.com/bg/VZx5lKL-R1DYt4uczQuO7ewneocOxZLDwOE_DB7Gp_E.js line 1 > eval line 7296 > eval line 1 > eval line 1 > eval, line 1: WEBGL_debug_renderer_info is deprecated in Firefox and will be removed. Please use RENDERER.
JavaScript error: , line 0: TypeError: NetworkError when attempting to fetch resource.
JavaScript error: , line 0: TypeError: NetworkError when attempting to fetch resource.
JavaScript warning: https://pagead2.googlesyndication.com/bg/VZx5lKL-R1DYt4uczQuO7ewneocOxZLDwOE_DB7Gp_E.js line 1 > eval line 4862 > eval line 1 > eval line 1 > eval, line 1: WEBGL_debug_renderer_info is deprecated in Firefox and will be removed. Please use RENDERER.
JavaScript warning: https://pagead2.googlesyndication.com/bg/VZx5lKL-R1DYt4uczQuO7ewneocOxZLDwOE_DB7Gp_E.js line 1 > eval line 303 > eval line 1 > eval line 1 > eval, line 1: WEBGL_debug_renderer_info is deprecated in Firefox and will be removed. Please use RENDERER.
JavaScript warning: https://pagead2.googlesyndication.com/bg/VZx5lKL-R1DYt4uczQuO7ewneocOxZLDwOE_DB7Gp_E.js line 1 > eval line 917 > eval line 1 > eval line 1 > eval, line 1: WEBGL_debug_renderer_info is deprecated in Firefox and will be removed. Please use RENDERER.
JavaScript error: , line 0: TypeError: NetworkError when attempting to fetch resource.
JavaScript warning: https://pagead2.googlesyndication.com/bg/VZx5lKL-R1DYt4uczQuO7ewneocOxZLDwOE_DB7Gp_E.js line 1 > eval line 2032 > eval line 1 > eval line 1 > eval, line 1: WEBGL_debug_renderer_info is deprecated in Firefox and will be removed. Please use RENDERER.
JavaScript error: , line 0: TypeError: NetworkError when attempting to fetch resource.
JavaScript error: , line 0: TypeError: NetworkError when attempting to fetch resource.
JavaScript warning: https://pagead2.googlesyndication.com/bg/VZx5lKL-R1DYt4uczQuO7ewneocOxZLDwOE_DB7Gp_E.js line 1 > eval line 809 > eval line 1 > eval line 1 > eval, line 1: WEBGL_debug_renderer_info is deprecated in Firefox and will be removed. Please use RENDERER.
1649310127813	Marionette	WARN	Ignoring event 'pageshow' because document has an invalid readyState of 'uninitialized'.
JavaScript warning: https://pagead2.googlesyndication.com/bg/VZx5lKL-R1DYt4uczQuO7ewneocOxZLDwOE_DB7Gp_E.js line 1 > eval line 2609 > eval line 1 > eval line 1 > eval, line 1: WEBGL_debug_renderer_info is deprecated in Firefox and will be removed. Please use RENDERER.
JavaScript warning: https://pagead2.googlesyndication.com/bg/yPRSpnmC7kCVHbP5HJYGhFaCAnVrOjYDhSjhq7GpE_U.js line 1 > eval line 4905 > eval line 1 > eval line 1 > eval, line 1: WEBGL_debug_renderer_info is deprecated in Firefox and will be removed. Please use RENDERER.
JavaScript warning: https://pagead2.googlesyndication.com/bg/VZx5lKL-R1DYt4uczQuO7ewneocOxZLDwOE_DB7Gp_E.js line 1 > eval line 5484 > eval line 1 > eval line 1 > eval, line 1: WEBGL_debug_renderer_info is deprecated in Firefox and will be removed. Please use RENDERER.
JavaScript warning: https://pagead2.googlesyndication.com/bg/VZx5lKL-R1DYt4uczQuO7ewneocOxZLDwOE_DB7Gp_E.js line 1 > eval line 7129 > eval line 1 > eval line 1 > eval, line 1: WEBGL_debug_renderer_info is deprecated in Firefox and will be removed. Please use RENDERER.
1649310151182	Marionette	WARN	Ignoring event 'pageshow' because document has an invalid readyState of 'uninitialized'.
JavaScript error: , line 0: TypeError: NetworkError when attempting to fetch resource.
JavaScript error: , line 0: TypeError: NetworkError when attempting to fetch resource.
JavaScript warning: https://pagead2.googlesyndication.com/bg/VZx5lKL-R1DYt4uczQuO7ewneocOxZLDwOE_DB7Gp_E.js line 1 > eval line 790 > eval line 1 > eval line 1 > eval, line 1: WEBGL_debug_renderer_info is deprecated in Firefox and will be removed. Please use RENDERER.
JavaScript warning: https://pagead2.googlesyndication.com/bg/VZx5lKL-R1DYt4uczQuO7ewneocOxZLDwOE_DB7Gp_E.js line 1 > eval line 7461 > eval line 1 > eval line 1 > eval, line 1: WEBGL_debug_renderer_info is deprecated in Firefox and will be removed. Please use RENDERER.
JavaScript error: , line 0: TypeError: NetworkError when attempting to fetch resource.
JavaScript warning: https://pagead2.googlesyndication.com/bg/VZx5lKL-R1DYt4uczQuO7ewneocOxZLDwOE_DB7Gp_E.js line 1 > eval line 3150 > eval line 1 > eval line 1 > eval, line 1: WEBGL_debug_renderer_info is deprecated in Firefox and will be removed. Please use RENDERER.
1649310172953	Marionette	WARN	Ignoring event 'pageshow' because document has an invalid readyState of 'uninitialized'.
JavaScript error: https://tpc.googlesyndication.com/sadbundle/$csp%3Der3$/2334747922372867130/index.html#t=5596167236592252429&p=https%3A%2F%2F828908801c9b185b0b2419e4b8b0928a.safeframe.googlesyndication.com, line 122: TypeError: a.g is null
JavaScript error: , line 0: TypeError: NetworkError when attempting to fetch resource.
JavaScript error: , line 0: TypeError: NetworkError when attempting to fetch resource.
JavaScript warning: https://pagead2.googlesyndication.com/bg/VZx5lKL-R1DYt4uczQuO7ewneocOxZLDwOE_DB7Gp_E.js line 1 > eval line 5559 > eval line 1 > eval line 1 > eval, line 1: WEBGL_debug_renderer_info is deprecated in Firefox and will be removed. Please use RENDERER.
1649310175667	Marionette	WARN	Ignoring event 'pageshow' because document has an invalid readyState of 'uninitialized'.
JavaScript warning: https://pagead2.googlesyndication.com/bg/VZx5lKL-R1DYt4uczQuO7ewneocOxZLDwOE_DB7Gp_E.js line 1 > eval line 6136 > eval line 1 > eval line 1 > eval, line 1: WEBGL_debug_renderer_info is deprecated in Firefox and will be removed. Please use RENDERER.
JavaScript warning: https://pagead2.googlesyndication.com/bg/VZx5lKL-R1DYt4uczQuO7ewneocOxZLDwOE_DB7Gp_E.js line 1 > eval line 5484 > eval line 1 > eval line 1 > eval, line 1: WEBGL_debug_renderer_info is deprecated in Firefox and will be removed. Please use RENDERER.
JavaScript warning: https://pagead2.googlesyndication.com/bg/VZx5lKL-R1DYt4uczQuO7ewneocOxZLDwOE_DB7Gp_E.js line 1 > eval line 5199 > eval line 1 > eval line 1 > eval, line 1: WEBGL_debug_renderer_info is deprecated in Firefox and will be removed. Please use RENDERER.
JavaScript error: , line 0: TypeError: NetworkError when attempting to fetch resource.
JavaScript warning: https://pagead2.googlesyndication.com/bg/VZx5lKL-R1DYt4uczQuO7ewneocOxZLDwOE_DB7Gp_E.js line 1 > eval line 5116 > eval line 1 > eval line 1 > eval, line 1: WEBGL_debug_renderer_info is deprecated in Firefox and will be removed. Please use RENDERER.
JavaScript warning: https://pagead2.googlesyndication.com/bg/VZx5lKL-R1DYt4uczQuO7ewneocOxZLDwOE_DB7Gp_E.js line 1 > eval line 2775 > eval line 1 > eval line 1 > eval, line 1: WEBGL_debug_renderer_info is deprecated in Firefox and will be removed. Please use RENDERER.
JavaScript error: , line 0: TypeError: NetworkError when attempting to fetch resource.
JavaScript warning: https://pagead2.googlesyndication.com/bg/VZx5lKL-R1DYt4uczQuO7ewneocOxZLDwOE_DB7Gp_E.js line 1 > eval line 638 > eval line 1 > eval line 1 > eval, line 1: WEBGL_debug_renderer_info is deprecated in Firefox and will be removed. Please use RENDERER.
JavaScript warning: https://pagead2.googlesyndication.com/bg/VZx5lKL-R1DYt4uczQuO7ewneocOxZLDwOE_DB7Gp_E.js line 1 > eval line 6052 > eval line 1 > eval line 1 > eval, line 1: WEBGL_debug_renderer_info is deprecated in Firefox and will be removed. Please use RENDERER.
JavaScript warning: https://cdn.insurads.com/bootstrap/EGTDBAIO.js, line 1: WEBGL_debug_renderer_info is deprecated in Firefox and will be removed. Please use RENDERER.
[Child 13048, MediaDecoderStateMachine #1] WARNING: 1fd4f4453c0 Could not set cubeb stream name.: file /builds/worker/checkouts/gecko/dom/media/AudioStream.cpp:330
